Unity Editor version:    2022.3.16f1 (d2c21f0ef2f1)
Branch:                  2022.3/staging
Build type:              Release
Batch mode:              YES
System name:             Linux
Distro version:          #17~22.04.1-Ubuntu SMP Sat Mar  9 04:50:38 UTC 2024
Kernel version:          6.5.0-1017-azure
Architecture:            x86_64
Available memory:        15981 MB
[Licensing::Module] Trying to connect to existing licensing client channel...
[Licensing::IpcConnector] Connection attempt to the License Client on channel: "LicenseClient-root" failed because channel doesn't exist; code: "0x80000002"
[Licensing::Module] Successfully launched the LicensingClient (PId: 5631)
[Licensing::IpcConnector] Successfully connected to the License Client on channel: "LicenseClient-root" at "2024-04-07T19:21:58.602314Z"
[SignatureVerifier] Application signature verification not supported on this platform.
[Licensing::Client] Handshaking with LicensingClient:
  Version:                 1.14.1+d093dab
  Session Id:              379dc96549784ce6ab139771bbdd1492
  Correlation Id:          f8714102738afe4689c91617f0f57454
  External correlation Id: 3508935814415753184
  Machine Id:              qKSPK93y6nY3sJE+iQCj05PGttM=
[Licensing::Module] Successfully connected to LicensingClient on channel: "LicenseClient-root" (connect: 0.55s, validation: 0.07s, handshake: 0.00s)
[Licensing::IpcConnector] Successfully connected to the License Notification on channel: "LicenseClient-root-notifications" at "2024-04-07T19:21:58.675463Z"
[Licensing::Module] Connected to LicensingClient (PId: 5631, launch time: 0.00, total connection time: 0.62s)
[Licensing::Module] Error: Access token is unavailable; failed to update
[Licensing::Client] Successfully updated license
[Licensing::Client] Successfully resolved entitlements
[Licensing::Module] Serial number assigned to: "F4-7H2U-V2WX-RG4M-MRV9-XXXX"
Pro License: NO
Desktop is 1280 x 1024 @ 60 Hz
Initialize udev device monitor.

COMMAND LINE ARGUMENTS:
/opt/unity/Editor/Unity
-batchmode
-batchmode
-logFile
/github/workspace/artifacts/COMBINE_RESULTS.log
-projectPath
/github/workspace/.
-coverageResultsPath
/github/workspace/CodeCoverage
-quit
-enableCodeCoverage
-debugCodeOptimization
-coverageOptions
generateAdditionalMetrics;generateHtmlReport;generateBadgeReport;dontClear
Successfully changed project path to: /github/workspace/.
/github/workspace
[UnityMemory] Configuration Parameters - Can be set up in boot.config
    "memorysetup-bucket-allocator-granularity=16"
    "memorysetup-bucket-allocator-bucket-count=8"
    "memorysetup-bucket-allocator-block-size=33554432"
    "memorysetup-bucket-allocator-block-count=8"
    "memorysetup-main-allocator-block-size=16777216"
    "memorysetup-thread-allocator-block-size=16777216"
    "memorysetup-gfx-main-allocator-block-size=16777216"
    "memorysetup-gfx-thread-allocator-block-size=16777216"
    "memorysetup-cache-allocator-block-size=4194304"
    "memorysetup-typetree-allocator-block-size=2097152"
    "memorysetup-profiler-bucket-allocator-granularity=16"
    "memorysetup-profiler-bucket-allocator-bucket-count=8"
    "memorysetup-profiler-bucket-allocator-block-size=33554432"
    "memorysetup-profiler-bucket-allocator-block-count=8"
    "memorysetup-profiler-allocator-block-size=16777216"
    "memorysetup-profiler-editor-allocator-block-size=1048576"
    "memorysetup-temp-allocator-size-main=16777216"
    "memorysetup-job-temp-allocator-block-size=2097152"
    "memorysetup-job-temp-allocator-block-size-background=1048576"
    "memorysetup-job-temp-allocator-reduction-small-platforms=262144"
    "memorysetup-allocator-temp-initial-block-size-main=262144"
    "memorysetup-allocator-temp-initial-block-size-worker=262144"
    "memorysetup-temp-allocator-size-background-worker=32768"
    "memorysetup-temp-allocator-size-job-worker=262144"
    "memorysetup-temp-allocator-size-preload-manager=33554432"
    "memorysetup-temp-allocator-size-nav-mesh-worker=65536"
    "memorysetup-temp-allocator-size-audio-worker=65536"
    "memorysetup-temp-allocator-size-cloud-worker=32768"
    "memorysetup-temp-allocator-size-gi-baking-worker=262144"
    "memorysetup-temp-allocator-size-gfx=262144"
Player connection [140501362496448] Host "[IP] 172.17.0.2 [Port] 55504 [Flags] 2 [Guid] 1648743580 [EditorId] 1648743580 [Version] 1048832 [Id] LinuxEditor(16,172.17.0.2) [Debug] 1 [PackageName] LinuxEditor [ProjectName] Editor" joined multi-casting on [225.0.0.222:54997]...

Player connection [140501362496448] Host "[IP] 172.17.0.2 [Port] 55504 [Flags] 2 [Guid] 1648743580 [EditorId] 1648743580 [Version] 1048832 [Id] LinuxEditor(16,172.17.0.2) [Debug] 1 [PackageName] LinuxEditor [ProjectName] Editor" joined alternative multi-casting on [225.0.0.222:34997]...

[Physics::Module] Initialized MultithreadedJobDispatcher with 3 workers.
[Package Manager] UpmClient::Connect -- Connected to IPC stream "Upm-5625" after 0.2 seconds.
[Licensing::Client] Successfully resolved entitlements
[Package Manager] Restoring resolved packages state from cache
[Licensing::Client] Successfully resolved entitlement details
[Package Manager] Registered 58 packages:
  Packages from [https://packages.unity.com]:
    com.unity.cinemachine@2.9.7 (location: /github/workspace/Library/PackageCache/com.unity.cinemachine@2.9.7)
    com.unity.collab-proxy@2.2.0 (location: /github/workspace/Library/PackageCache/com.unity.collab-proxy@2.2.0)
    com.unity.ide.rider@3.0.27 (location: /github/workspace/Library/PackageCache/com.unity.ide.rider@3.0.27)
    com.unity.ide.visualstudio@2.0.22 (location: /github/workspace/Library/PackageCache/com.unity.ide.visualstudio@2.0.22)
    com.unity.test-framework@1.1.33 (location: /github/workspace/Library/PackageCache/com.unity.test-framework@1.1.33)
    com.unity.textmeshpro@3.0.6 (location: /github/workspace/Library/PackageCache/com.unity.textmeshpro@3.0.6)
    com.unity.timeline@1.7.6 (location: /github/workspace/Library/PackageCache/com.unity.timeline@1.7.6)
    com.unity.toolchain.linux-x86_64@2.0.6 (location: /github/workspace/Library/PackageCache/com.unity.toolchain.linux-x86_64@2.0.6)
    com.unity.visualscripting@1.9.1 (location: /github/workspace/Library/PackageCache/com.unity.visualscripting@1.9.1)
    com.unity.sysroot@2.0.7 (location: /github/workspace/Library/PackageCache/com.unity.sysroot@2.0.7)
    com.unity.sysroot.linux-x86_64@2.0.6 (location: /github/workspace/Library/PackageCache/com.unity.sysroot.linux-x86_64@2.0.6)
    com.unity.ext.nunit@1.0.6 (location: /github/workspace/Library/PackageCache/com.unity.ext.nunit@1.0.6)
    com.unity.2d.animation@9.0.4 (location: /github/workspace/Library/PackageCache/com.unity.2d.animation@9.0.4)
    com.unity.2d.pixel-perfect@5.0.3 (location: /github/workspace/Library/PackageCache/com.unity.2d.pixel-perfect@5.0.3)
    com.unity.2d.psdimporter@8.0.3 (location: /github/workspace/Library/PackageCache/com.unity.2d.psdimporter@8.0.3)
    com.unity.2d.spriteshape@9.0.2 (location: /github/workspace/Library/PackageCache/com.unity.2d.spriteshape@9.0.2)
    com.unity.2d.tilemap.extras@3.1.2 (location: /github/workspace/Library/PackageCache/com.unity.2d.tilemap.extras@3.1.2)
    com.unity.2d.aseprite@1.0.1 (location: /github/workspace/Library/PackageCache/com.unity.2d.aseprite@1.0.1)
    com.unity.2d.common@8.0.2 (location: /github/workspace/Library/PackageCache/com.unity.2d.common@8.0.2)
    com.unity.mathematics@1.2.6 (location: /github/workspace/Library/PackageCache/com.unity.mathematics@1.2.6)
    com.unity.collections@1.2.4 (location: /github/workspace/Library/PackageCache/com.unity.collections@1.2.4)
    com.unity.burst@1.8.11 (location: /github/workspace/Library/PackageCache/com.unity.burst@1.8.11)
  Built-in packages:
    com.unity.feature.2d@2.0.0 (location: /github/workspace/Library/PackageCache/com.unity.feature.2d@2.0.0)
    com.unity.ugui@1.0.0 (location: /github/workspace/Library/PackageCache/com.unity.ugui@1.0.0)
    com.unity.modules.ai@1.0.0 (location: /github/workspace/Library/PackageCache/com.unity.modules.ai@1.0.0)
    com.unity.modules.androidjni@1.0.0 (location: /github/workspace/Library/PackageCache/com.unity.modules.androidjni@1.0.0)
    com.unity.modules.animation@1.0.0 (location: /github/workspace/Library/PackageCache/com.unity.modules.animation@1.0.0)
    com.unity.modules.assetbundle@1.0.0 (location: /github/workspace/Library/PackageCache/com.unity.modules.assetbundle@1.0.0)
    com.unity.modules.audio@1.0.0 (location: /github/workspace/Library/PackageCache/com.unity.modules.audio@1.0.0)
    com.unity.modules.cloth@1.0.0 (location: /github/workspace/Library/PackageCache/com.unity.modules.cloth@1.0.0)
    com.unity.modules.director@1.0.0 (location: /github/workspace/Library/PackageCache/com.unity.modules.director@1.0.0)
    com.unity.modules.imageconversion@1.0.0 (location: /github/workspace/Library/PackageCache/com.unity.modules.imageconversion@1.0.0)
    com.unity.modules.imgui@1.0.0 (location: /github/workspace/Library/PackageCache/com.unity.modules.imgui@1.0.0)
    com.unity.modules.jsonserialize@1.0.0 (location: /github/workspace/Library/PackageCache/com.unity.modules.jsonserialize@1.0.0)
    com.unity.modules.particlesystem@1.0.0 (location: /github/workspace/Library/PackageCache/com.unity.modules.particlesystem@1.0.0)
    com.unity.modules.physics@1.0.0 (location: /github/workspace/Library/PackageCache/com.unity.modules.physics@1.0.0)
    com.unity.modules.physics2d@1.0.0 (location: /github/workspace/Library/PackageCache/com.unity.modules.physics2d@1.0.0)
    com.unity.modules.screencapture@1.0.0 (location: /github/workspace/Library/PackageCache/com.unity.modules.screencapture@1.0.0)
    com.unity.modules.terrain@1.0.0 (location: /github/workspace/Library/PackageCache/com.unity.modules.terrain@1.0.0)
    com.unity.modules.terrainphysics@1.0.0 (location: /github/workspace/Library/PackageCache/com.unity.modules.terrainphysics@1.0.0)
    com.unity.modules.tilemap@1.0.0 (location: /github/workspace/Library/PackageCache/com.unity.modules.tilemap@1.0.0)
    com.unity.modules.ui@1.0.0 (location: /github/workspace/Library/PackageCache/com.unity.modules.ui@1.0.0)
    com.unity.modules.uielements@1.0.0 (location: /github/workspace/Library/PackageCache/com.unity.modules.uielements@1.0.0)
    com.unity.modules.umbra@1.0.0 (location: /github/workspace/Library/PackageCache/com.unity.modules.umbra@1.0.0)
    com.unity.modules.unityanalytics@1.0.0 (location: /github/workspace/Library/PackageCache/com.unity.modules.unityanalytics@1.0.0)
    com.unity.modules.unitywebrequest@1.0.0 (location: /github/workspace/Library/PackageCache/com.unity.modules.unitywebrequest@1.0.0)
    com.unity.modules.unitywebrequestassetbundle@1.0.0 (location: /github/workspace/Library/PackageCache/com.unity.modules.unitywebrequestassetbundle@1.0.0)
    com.unity.modules.unitywebrequestaudio@1.0.0 (location: /github/workspace/Library/PackageCache/com.unity.modules.unitywebrequestaudio@1.0.0)
    com.unity.modules.unitywebrequesttexture@1.0.0 (location: /github/workspace/Library/PackageCache/com.unity.modules.unitywebrequesttexture@1.0.0)
    com.unity.modules.unitywebrequestwww@1.0.0 (location: /github/workspace/Library/PackageCache/com.unity.modules.unitywebrequestwww@1.0.0)
    com.unity.modules.vehicles@1.0.0 (location: /github/workspace/Library/PackageCache/com.unity.modules.vehicles@1.0.0)
    com.unity.modules.video@1.0.0 (location: /github/workspace/Library/PackageCache/com.unity.modules.video@1.0.0)
    com.unity.modules.vr@1.0.0 (location: /github/workspace/Library/PackageCache/com.unity.modules.vr@1.0.0)
    com.unity.modules.wind@1.0.0 (location: /github/workspace/Library/PackageCache/com.unity.modules.wind@1.0.0)
    com.unity.modules.xr@1.0.0 (location: /github/workspace/Library/PackageCache/com.unity.modules.xr@1.0.0)
    com.unity.modules.subsystems@1.0.0 (location: /github/workspace/Library/PackageCache/com.unity.modules.subsystems@1.0.0)
    com.unity.2d.sprite@1.0.0 (location: /github/workspace/Library/PackageCache/com.unity.2d.sprite@1.0.0)
    com.unity.2d.tilemap@1.0.0 (location: /github/workspace/Library/PackageCache/com.unity.2d.tilemap@1.0.0)
[Subsystems] No new subsystems found in resolved package list.
Package Manager log level set to [2]
[Package Manager] Done registering packages in 0.04 seconds
Refreshing native plugins compatible for Editor in 5.20 ms, found 1 plugins.
Preloading 0 native plugins for Editor in 0.00 ms.
Initialize engine version: 2022.3.16f1 (d2c21f0ef2f1)
[Subsystems] Discovering subsystems at path /opt/unity/Editor/Data/Resources/UnitySubsystems
[Subsystems] Discovering subsystems at path /github/workspace/Assets
GLX Extensions: GLX_ARB_context_flush_control GLX_ARB_create_context GLX_ARB_create_context_no_error GLX_ARB_create_context_profile GLX_ARB_fbconfig_float GLX_ARB_framebuffer_sRGB GLX_ARB_get_proc_address GLX_ARB_multisample GLX_EXT_create_context_es2_profile GLX_EXT_create_context_es_profile GLX_EXT_fbconfig_packed_float GLX_EXT_framebuffer_sRGB GLX_EXT_no_config_context GLX_EXT_texture_from_pixmap GLX_EXT_visual_info GLX_EXT_visual_rating GLX_MESA_copy_sub_buffer GLX_MESA_query_renderer GLX_OML_swap_method GLX_SGIS_multisample GLX_SGIX_fbconfig GLX_SGIX_pbuffer GLX_SGIX_visual_select_group GLX_SGI_make_current_read 
Renderer: llvmpipe (LLVM 15.0.7, 256 bits)
Vendor:   Mesa
Version:  4.5 (Core Profile) Mesa 23.0.4-0ubuntu1~22.04.1
GLES:     0
 GL_3DFX_texture_compression_FXT1 GL_AMD_conservative_depth GL_AMD_draw_buffers_blend GL_AMD_gpu_shader_int64 GL_AMD_multi_draw_indirect GL_AMD_pinned_memory GL_AMD_query_buffer_object GL_AMD_seamless_cubemap_per_texture GL_AMD_shader_stencil_export GL_AMD_shader_trinary_minmax GL_AMD_texture_texture4 GL_AMD_vertex_shader_layer GL_AMD_vertex_shader_viewport_index GL_ANGLE_texture_compression_dxt3 GL_ANGLE_texture_compression_dxt5 GL_ARB_ES2_compatibility GL_ARB_ES3_1_compatibility GL_ARB_ES3_2_compatibility GL_ARB_ES3_compatibility GL_ARB_arrays_of_arrays GL_ARB_base_instance GL_ARB_blend_func_extended GL_ARB_buffer_storage GL_ARB_clear_buffer_object GL_ARB_clear_texture GL_ARB_clip_control GL_ARB_compressed_texture_pixel_storage GL_ARB_compute_shader GL_ARB_conditional_render_inverted GL_ARB_conservative_depth GL_ARB_copy_buffer GL_ARB_copy_image GL_ARB_cull_distance GL_ARB_debug_output GL_ARB_depth_buffer_float GL_ARB_depth_clamp GL_ARB_derivative_control GL_ARB_direct_state_access GL_ARB_draw_buffers GL_A
RB_draw_buffers_blend GL_ARB_draw_elements_base_vertex GL_ARB_draw_indirect GL_ARB_draw_instanced GL_ARB_enhanced_layouts GL_ARB_explicit_attrib_location GL_ARB_explicit_uniform_location GL_ARB_fragment_coord_conventions GL_ARB_fragment_layer_viewport GL_ARB_fragment_shader GL_ARB_framebuffer_no_attachments GL_ARB_framebuffer_object GL_ARB_framebuffer_sRGB GL_ARB_get_program_binary GL_ARB_get_texture_sub_image GL_ARB_gl_spirv GL_ARB_gpu_shader5 GL_ARB_gpu_shader_fp64 GL_ARB_gpu_shader_int64 GL_ARB_half_float_pixel GL_ARB_half_float_vertex GL_ARB_indirect_parameters GL_ARB_instanced_arrays GL_ARB_internalformat_query GL_ARB_internalformat_query2 GL_ARB_invalidate_subdata GL_ARB_map_buffer_alignment GL_ARB_map_buffer_range GL_ARB_multi_bind GL_ARB_multi_draw_indirect GL_ARB_occlusion_query2 GL_ARB_parallel_shader_compile GL_ARB_pipeline_statistics_query GL_ARB_pixel_buffer_object GL_ARB_point_sprite GL_ARB_polygon_offset_clamp GL_ARB_post_depth_coverage GL_ARB_program_interface_query GL_ARB_provoking_vertex GL
_ARB_query_buffer_object GL_ARB_robust_buffer_access_behavior GL_ARB_robustness GL_ARB_sample_shading GL_ARB_sampler_objects GL_ARB_seamless_cube_map GL_ARB_seamless_cubemap_per_texture GL_ARB_separate_shader_objects GL_ARB_shader_atomic_counter_ops GL_ARB_shader_atomic_counters GL_ARB_shader_ballot GL_ARB_shader_bit_encoding GL_ARB_shader_clock GL_ARB_shader_draw_parameters GL_ARB_shader_group_vote GL_ARB_shader_image_load_store GL_ARB_shader_image_size GL_ARB_shader_objects GL_ARB_shader_precision GL_ARB_shader_stencil_export GL_ARB_shader_storage_buffer_object GL_ARB_shader_subroutine GL_ARB_shader_texture_image_samples GL_ARB_shader_texture_lod GL_ARB_shader_viewport_layer_array GL_ARB_shading_language_420pack GL_ARB_shading_language_include GL_ARB_shading_language_packing GL_ARB_spirv_extensions GL_ARB_stencil_texturing GL_ARB_sync GL_ARB_tessellation_shader GL_ARB_texture_barrier GL_ARB_texture_buffer_object GL_ARB_texture_buffer_object_rgb32 GL_ARB_texture_buffer_range GL_ARB_texture_compression_bptc 
GL_ARB_texture_compression_rgtc GL_ARB_texture_cube_map_array GL_ARB_texture_filter_anisotropic GL_ARB_texture_filter_minmax GL_ARB_texture_float GL_ARB_texture_gather GL_ARB_texture_mirror_clamp_to_edge GL_ARB_texture_multisample GL_ARB_texture_non_power_of_two GL_ARB_texture_query_levels GL_ARB_texture_query_lod GL_ARB_texture_rectangle GL_ARB_texture_rg GL_ARB_texture_rgb10_a2ui GL_ARB_texture_stencil8 GL_ARB_texture_storage GL_ARB_texture_storage_multisample GL_ARB_texture_swizzle GL_ARB_texture_view GL_ARB_timer_query GL_ARB_transform_feedback2 GL_ARB_transform_feedback3 GL_ARB_transform_feedback_instanced GL_ARB_transform_feedback_overflow_query GL_ARB_uniform_buffer_object GL_ARB_vertex_array_bgra GL_ARB_vertex_array_object GL_ARB_vertex_attrib_64bit GL_ARB_vertex_attrib_binding GL_ARB_vertex_buffer_object GL_ARB_vertex_shader GL_ARB_vertex_type_10f_11f_11f_rev GL_ARB_vertex_type_2_10_10_10_rev GL_ARB_viewport_array GL_ARM_shader_framebuffer_fetch_depth_stencil GL_ATI_blend_equation_separate GL_ATI_te
xture_float GL_ATI_texture_mirror_once GL_EXT_EGL_image_storage GL_EXT_EGL_sync GL_EXT_abgr GL_EXT_blend_equation_separate GL_EXT_debug_label GL_EXT_draw_buffers2 GL_EXT_draw_instanced GL_EXT_framebuffer_blit GL_EXT_framebuffer_multisample GL_EXT_framebuffer_multisample_blit_scaled GL_EXT_framebuffer_object GL_EXT_framebuffer_sRGB GL_EXT_memory_object GL_EXT_memory_object_fd GL_EXT_packed_depth_stencil GL_EXT_packed_float GL_EXT_pixel_buffer_object GL_EXT_polygon_offset_clamp GL_EXT_provoking_vertex GL_EXT_shader_framebuffer_fetch GL_EXT_shader_framebuffer_fetch_non_coherent GL_EXT_shader_integer_mix GL_EXT_texture_array GL_EXT_texture_compression_dxt1 GL_EXT_texture_compression_rgtc GL_EXT_texture_compression_s3tc GL_EXT_texture_filter_anisotropic GL_EXT_texture_filter_minmax GL_EXT_texture_integer GL_EXT_texture_mirror_clamp GL_EXT_texture_sRGB GL_EXT_texture_sRGB_R8 GL_EXT_texture_sRGB_RG8 GL_EXT_texture_sRGB_decode GL_EXT_texture_shadow_lod GL_EXT_texture_shared_exponent GL_EXT_texture_snorm GL_EXT_textu
re_swizzle GL_EXT_timer_query GL_EXT_transform_feedback GL_EXT_vertex_array_bgra GL_EXT_vertex_attrib_64bit GL_IBM_multimode_draw_arrays GL_INTEL_shader_atomic_float_minmax GL_KHR_blend_equation_advanced GL_KHR_blend_equation_advanced_coherent GL_KHR_context_flush_control GL_KHR_debug GL_KHR_no_error GL_KHR_parallel_shader_compile GL_KHR_robust_buffer_access_behavior GL_KHR_robustness GL_KHR_texture_compression_astc_ldr GL_KHR_texture_compression_astc_sliced_3d GL_MESA_framebuffer_flip_y GL_MESA_pack_invert GL_MESA_shader_integer_functions GL_MESA_texture_signed_rgba GL_MESA_ycbcr_texture GL_NV_conditional_render GL_NV_copy_image GL_NV_depth_clamp GL_NV_packed_depth_stencil GL_NV_shader_atomic_float GL_NV_texture_barrier GL_OES_EGL_image GL_S3_s3tc
OPENGL LOG: Creating OpenGL 4.5 graphics device ; Context level  <OpenGL 4.5> ; Context handle -761717360
[Licensing::Client] Successfully resolved entitlements
Initialize mono
Mono path[0] = '/opt/unity/Editor/Data/Managed'
Mono path[1] = '/opt/unity/Editor/Data/MonoBleedingEdge/lib/mono/unityjit-linux'
Mono config path = '/opt/unity/Editor/Data/MonoBleedingEdge/etc'
Using monoOptions --debugger-agent=transport=dt_socket,embedding=1,server=y,suspend=n,address=127.0.0.1:56625
Code Coverage is enabled. Note that Code Coverage can affect the performance.
Using cacheserver namespaces - metadata:defaultmetadata, artifacts:defaultartifacts
Using cacheserver namespaces - metadata:defaultmetadata, artifacts:defaultartifacts
ImportWorker Server TCP listen port: 0
Begin MonoManager ReloadAssembly
Registering precompiled unity dll's ...
Register platform support module: /opt/unity/Editor/Data/PlaybackEngines/LinuxStandaloneSupport/UnityEditor.LinuxStandalone.Extensions.dll
Registered in 0.012692 seconds.
- Loaded All Assemblies, in  0.362 seconds
Native extension for LinuxStandalone target not found
Mono: successfully reloaded assembly
- Finished resetting the current domain, in  0.821 seconds
Domain Reload Profiling: 1184ms
	BeginReloadAssembly (83ms)
		ExecutionOrderSort (0ms)
		DisableScriptedObjects (0ms)
		BackupInstance (0ms)
		ReleaseScriptingObjects (0ms)
		CreateAndSetChildDomain (1ms)
	RebuildCommonClasses (34ms)
	RebuildNativeTypeToScriptingClass (7ms)
	initialDomainReloadingComplete (112ms)
	LoadAllAssembliesAndSetupDomain (125ms)
		LoadAssemblies (81ms)
		RebuildTransferFunctionScriptingTraits (0ms)
		AnalyzeDomain (122ms)
			TypeCache.Refresh (121ms)
				TypeCache.ScanAssembly (110ms)
			ScanForSourceGeneratedMonoScriptInfo (0ms)
			ResolveRequiredComponents (0ms)
	FinalizeReload (823ms)
		ReleaseScriptCaches (0ms)
		RebuildScriptCaches (0ms)
		SetupLoadedEditorAssemblies (719ms)
			LogAssemblyErrors (0ms)
			InitializePlatformSupportModulesInManaged (58ms)
			SetLoadedEditorAssemblies (17ms)
			RefreshPlugins (0ms)
			BeforeProcessingInitializeOnLoad (17ms)
			ProcessInitializeOnLoadAttributes (476ms)
			ProcessInitializeOnLoadMethodAttributes (150ms)
			AfterProcessingInitializeOnLoad (0ms)
			EditorAssembliesLoaded (1ms)
		ExecutionOrderSort2 (0ms)
		AwakeInstancesAfterBackupRestoration (0ms)
[Licensing::Client] Successfully resolved entitlements
Application.AssetDatabase Initial Refresh Start
[40m[32minfo[39m[22m[49m: Microsoft.Hosting.Lifetime[14]
      Now listening on: http://unix:/tmp/ilpp.sock-f07a9074cf124f978827f2e08a2ba3a4
[40m[32minfo[39m[22m[49m: Microsoft.Hosting.Lifetime[0]
      Application started. Press Ctrl+C to shut down.
[40m[32minfo[39m[22m[49m: Microsoft.Hosting.Lifetime[0]
      Hosting environment: Production
[40m[32minfo[39m[22m[49m: Microsoft.Hosting.Lifetime[0]
      Content root path: /github/workspace/
[40m[32minfo[39m[22m[49m: Microsoft.AspNetCore.Hosting.Diagnostics[1]
      Request starting HTTP/2 POST http://ilpp/UnityILPP.PostProcessing/Ping application/grpc -
[40m[32minfo[39m[22m[49m: Microsoft.AspNetCore.Routing.EndpointMiddleware[0]
      Executing endpoint 'gRPC - /UnityILPP.PostProcessing/Ping'
[40m[32minfo[39m[22m[49m: Microsoft.AspNetCore.Routing.EndpointMiddleware[1]
      Executed endpoint 'gRPC - /UnityILPP.PostProcessing/Ping'
[40m[32minfo[39m[22m[49m: Microsoft.AspNetCore.Hosting.Diagnostics[2]
      Request finished HTTP/2 POST http://ilpp/UnityILPP.PostProcessing/Ping application/grpc - - 200 - application/grpc 55.7268ms
Starting: /opt/unity/Editor/Data/bee_backend --dont-print-to-structured-log --ipc --defer-dag-verification --dagfile="Library/Bee/2400b0aEDbg.dag" --continue-on-failure --profile="Library/Bee/backend1.traceevents" ScriptAssemblies
WorkingDir: /github/workspace
[40m[32minfo[39m[22m[49m: Microsoft.AspNetCore.Hosting.Diagnostics[1]
      Request starting HTTP/2 POST http://ilpp/UnityILPP.PostProcessing/ConfigurePostProcessors application/grpc -
[40m[32minfo[39m[22m[49m: Microsoft.AspNetCore.Routing.EndpointMiddleware[0]
      Executing endpoint 'gRPC - /UnityILPP.PostProcessing/ConfigurePostProcessors'
[40m[1m[33mwarn[39m[22m[49m: Unity.ILPP.Runner.PostProcessingAssemblyLoadContext[0]
      Assembly system.runtime.interopservices.windowsruntime has duplicate hint path. Ignoring "/opt/unity/Editor/Data/UnityReferenceAssemblies/unity-4.8-api/Facades/System.Runtime.InteropServices.WindowsRuntime.dll" in favor of "/opt/unity/Editor/Data/NetStandard/Extensions/2.0.0/System.Runtime.InteropServices.WindowsRuntime.dll"
[40m[1m[33mwarn[39m[22m[49m: Unity.ILPP.Runner.PostProcessingAssemblyLoadContext[0]
      Assembly system.componentmodel.composition has duplicate hint path. Ignoring "/opt/unity/Editor/Data/UnityReferenceAssemblies/unity-4.8-api/System.ComponentModel.Composition.dll" in favor of "/opt/unity/Editor/Data/NetStandard/compat/2.1.0/shims/netfx/System.ComponentModel.Composition.dll"
[40m[32minfo[39m[22m[49m: Unity.ILPP.Runner.PostProcessingAssemblyLoadContext[0]
      Resolved Unity.Burst.Cecil, Version=0.11.4.0, Culture=neutral, PublicKeyToken=50cebf1cceb9d05e with Library/PackageCache/com.unity.burst@1.8.11/Unity.Burst.CodeGen/Unity.Burst.Cecil.dll
[40m[32minfo[39m[22m[49m: Microsoft.AspNetCore.Routing.EndpointMiddleware[1]
      Executed endpoint 'gRPC - /UnityILPP.PostProcessing/ConfigurePostProcessors'
[40m[32minfo[39m[22m[49m: Microsoft.AspNetCore.Hosting.Diagnostics[2]
      Request finished HTTP/2 POST http://ilpp/UnityILPP.PostProcessing/ConfigurePostProcessors application/grpc - - 200 - application/grpc 54.3905ms
ExitCode: 0 Duration: 0s313ms
[494/648    0s] ILPP-Configuration Library/ilpp-configuration.nevergeneratedoutput
*** Tundra build success (0.29 seconds), 1 items updated, 648 evaluated
DisplayProgressbar: Compiling Scripts
Total cache size 22498836
Total cache size after purge 22498836
AssetDatabase: script compilation time: 1.673020s
Begin MonoManager ReloadAssembly
- Loaded All Assemblies, in  0.720 seconds
Refreshing native plugins compatible for Editor in 2.50 ms, found 1 plugins.
Preloading 0 native plugins for Editor in 0.00 ms.
Refreshing native plugins compatible for Editor in 2.57 ms, found 1 plugins.
Native extension for LinuxStandalone target not found
Mono: successfully reloaded assembly
- Finished resetting the current domain, in  5.738 seconds
Domain Reload Profiling: 6457ms
	BeginReloadAssembly (230ms)
		ExecutionOrderSort (0ms)
		DisableScriptedObjects (23ms)
		BackupInstance (0ms)
		ReleaseScriptingObjects (0ms)
		CreateAndSetChildDomain (38ms)
	RebuildCommonClasses (33ms)
	RebuildNativeTypeToScriptingClass (7ms)
	initialDomainReloadingComplete (69ms)
	LoadAllAssembliesAndSetupDomain (377ms)
		LoadAssemblies (259ms)
		RebuildTransferFunctionScriptingTraits (0ms)
		AnalyzeDomain (173ms)
			TypeCache.Refresh (139ms)
				TypeCache.ScanAssembly (128ms)
			ScanForSourceGeneratedMonoScriptInfo (24ms)
			ResolveRequiredComponents (9ms)
	FinalizeReload (5740ms)
		ReleaseScriptCaches (0ms)
		RebuildScriptCaches (0ms)
		SetupLoadedEditorAssemblies (5403ms)
			LogAssemblyErrors (0ms)
			InitializePlatformSupportModulesInManaged (56ms)
			SetLoadedEditorAssemblies (12ms)
			RefreshPlugins (0ms)
			BeforeProcessingInitializeOnLoad (243ms)
			ProcessInitializeOnLoadAttributes (4876ms)
			ProcessInitializeOnLoadMethodAttributes (203ms)
			AfterProcessingInitializeOnLoad (11ms)
			EditorAssembliesLoaded (2ms)
		ExecutionOrderSort2 (0ms)
		AwakeInstancesAfterBackupRestoration (17ms)
Asset Pipeline Refresh (id=45974db5f52cf94aea66c516564a78b4): Total: 9.816 seconds - Initiated by InitialRefreshV2(ForceSynchronousImport)
	Summary:
		Imports: total=0 (actual=0, local cache=0, cache server=0)
		Asset DB Process Time: managed=0 ms, native=1383 ms
		Asset DB Callback time: managed=61 ms, native=0 ms
		Scripting: domain reloads=1, domain reload time=6612 ms, compile time=1673 ms, other=85 ms
		Project Asset Count: scripts=5204, non-scripts=1591
		Asset File Changes: new=0, changed=0, moved=0, deleted=0
		Scan Filter Count: 1
	InvokeBeforeRefreshCallbacks: 0.197ms
	ApplyChangesToAssetFolders: 0.170ms
	Scan: 295.120ms
	OnSourceAssetsModified: 0.002ms
	GetAllGuidsForCategorization: 0.547ms
	CategorizeAssets: 194.289ms
	ImportOutOfDateAssets: 5780.782ms (4083.578ms without children)
		CompileScripts: 1673.115ms
		ReloadNativeAssets: 0.001ms
		UnloadImportedAssets: 17.799ms
		EnsureUptoDateAssetsAreRegisteredWithGuidPM: 2.958ms
		InitializingProgressBar: 0.000ms
		PostProcessAllAssetNotificationsAddChangedAssets: 0.001ms
		OnDemandSchedulerStart: 3.330ms
	PostProcessAllAssets: 61.035ms
	GatherAllCurrentPrimaryArtifactRevisions: 0.002ms
	UnloadStreamsBegin: 1.308ms
	PersistCurrentRevisions: 0.271ms
	UnloadStreamsEnd: 0.025ms
	GenerateScriptTypeHashes: 15.155ms
	Untracked: 3482.641ms
Application.AssetDatabase Initial Refresh End
Launched and connected shader compiler UnityShaderCompiler after 0.02 seconds
Scanning for USB devices : 0.148ms
Initializing Unity extensions:
[Licensing::Client] Successfully resolved entitlements
UpdateMenuTitleForLanguage: 10
[MODES] ModeService[none].Initialize
[MODES] ModeService[none].LoadModes
[MODES] Loading mode Default (0) for mode-current-id-bossrush2024
ProgressiveSceneManager::Cancel()
Unloading 4 Unused Serialized files (Serialized files now loaded: 0)
Unloading 89 unused Assets / (397.4 KB). Loaded Objects now: 4782.
Memory consumption went from 118.8 MB to 118.4 MB.
Total: 10.698889 ms (FindLiveObjects: 0.605128 ms CreateObjectMapping: 0.194773 ms MarkObjects: 8.775937 ms  DeleteObjects: 1.122011 ms)

Batchmode quit successfully invoked - shutting down!
Curl error 42: Callback aborted
[Licensing::IpcConnector] License Notification channel disconnected successfully.
[Licensing::IpcConnector] License Client channel disconnected successfully.
[40m[32minfo[39m[22m[49m: Microsoft.Hosting.Lifetime[0]
      Application is shutting down...
[40m[32minfo[39m[22m[49m: Unity.ILPP.Runner.PostProcessingAssemblyLoadContext[0]
      ALC ILPP context 1 is unloading
Cleanup mono
debugger-agent: Unable to listen on 49
[Performance] Application.InitializeProject                                                                                  :        1 samples, Peak.  12.1 s (1.0x), Avg.  12.1 s, Total. 12.14 s (73.0%)
[Performance] Application.PackageManager.StartServer                                                                         :        1 samples, Peak.  2.56 ms (1.0x), Avg.  2.56 ms, Total. 2.557 ms (0.0%)
[Performance] Application.AcquireProjectLock                                                                                 :        1 samples, Peak.  1.28 ms (1.0x), Avg.  1.28 ms, Total. 1.280 ms (0.0%)
[Performance] Application.InitializeEngineNoGraphics                                                                         :        1 samples, Peak.  73.0 ms (1.0x), Avg.  73.0 ms, Total. 72.98 ms (0.4%)
[Performance] Application.PackageManager.Initialize                                                                          :        1 samples, Peak.   210 ms (1.0x), Avg.   210 ms, Total. 210.4 ms (1.3%)
[Performance] Connecting to Package Manager                                                                                  :       22 samples, Peak.  25.4 us (12.2x), Avg.  2.08 us, Total. 45.81 us (0.0%)
[Performance] Application.EngineGraphics.Initialize                                                                          :        1 samples, Peak.  36.1 ms (1.0x), Avg.  36.1 ms, Total. 36.11 ms (0.2%)
[Performance] Application.GI.Initialize                                                                                      :        1 samples, Peak.  4.18 ms (1.0x), Avg.  4.18 ms, Total. 4.177 ms (0.0%)
[Performance] Application.LoadAllDefaultResourcesFromEditor                                                                  :        1 samples, Peak.  2.21 ms (1.0x), Avg.  2.21 ms, Total. 2.208 ms (0.0%)
[Performance] Application.LoadMonoAssemblies                                                                                 :        1 samples, Peak.  1.20 s (1.0x), Avg.  1.20 s, Total. 1.195 s (7.2%)
[Performance] RestoreManagedReferences                                                                                       :        2 samples, Peak.   115 ms (2.0x), Avg.  57.4 ms, Total. 114.9 ms (0.7%)
[Performance] InitializeOnLoad UnityConnect                                                                                  :        2 samples, Peak.  3.27 ms (1.0x), Avg.  3.27 ms, Total. 6.533 ms (0.0%)
[Performance] InitializeOnLoad AssetStoreContext                                                                             :        2 samples, Peak.  26.8 ms (1.1x), Avg.  25.2 ms, Total. 50.36 ms (0.3%)
[Performance] InitializeOnLoad ManagedDebuggerWindow                                                                         :        2 samples, Peak.  4.26 ms (1.0x), Avg.  4.14 ms, Total. 8.290 ms (0.0%)
[Performance] InitializeOnLoad CacheServerWindow                                                                             :        2 samples, Peak.  15.8 us (1.1x), Avg.  15.0 us, Total. 30.03 us (0.0%)
[Performance] InitializeOnLoad AddComponentWindow                                                                            :        2 samples, Peak.  1.33 ms (1.1x), Avg.  1.23 ms, Total. 2.452 ms (0.0%)
[Performance] InitializeOnLoad ProjectSearch                                                                                 :        2 samples, Peak.   670 us (1.0x), Avg.   650 us, Total. 1.300 ms (0.0%)
[Performance] InitializeOnLoad PlayModeDownload                                                                              :        2 samples, Peak.  20.8 ms (1.7x), Avg.  12.5 ms, Total. 24.95 ms (0.2%)
[Performance] InitializeOnLoad EditMode                                                                                      :        2 samples, Peak.  2.39 ms (1.1x), Avg.  2.25 ms, Total. 4.509 ms (0.0%)
[Performance] InitializeOnLoad SettingsService                                                                               :        2 samples, Peak.  14.7 us (1.2x), Avg.  12.5 us, Total. 24.98 us (0.0%)
[Performance] InitializeOnLoad DrivenRectTransformUndo                                                                       :        2 samples, Peak.  1.27 ms (1.0x), Avg.  1.21 ms, Total. 2.430 ms (0.0%)
[Performance] InitializeOnLoad PrefabInstanceChangedListener                                                                 :        2 samples, Peak.  1.62 ms (1.0x), Avg.  1.61 ms, Total. 3.223 ms (0.0%)
[Performance] InitializeOnLoad ObjectSelectorSearch                                                                          :        2 samples, Peak.   778 us (1.2x), Avg.   660 us, Total. 1.319 ms (0.0%)
[Performance] InitializeOnLoad ShortcutIntegration                                                                           :        2 samples, Peak.   543 us (1.0x), Avg.   538 us, Total. 1.077 ms (0.0%)
[Performance] InitializeOnLoad ManagedDebugger                                                                               :        2 samples, Peak.  1.18 us (1.1x), Avg.  1.08 us, Total. 2.164 us (0.0%)
[Performance] InitializeOnLoad SceneSearch                                                                                   :        2 samples, Peak.   642 us (1.1x), Avg.   589 us, Total. 1.179 ms (0.0%)
[Performance] InitializeOnLoad MixerEffectDefinitionReloader                                                                 :        2 samples, Peak.  42.3 ms (1.7x), Avg.  24.2 ms, Total. 48.33 ms (0.3%)
[Performance] InitializeOnLoad CloudBuild                                                                                    :        2 samples, Peak.  7.05 us (1.2x), Avg.  6.13 us, Total. 12.26 us (0.0%)
[Performance] InitializeOnLoad MenuItems                                                                                     :        2 samples, Peak.  1.58 ms (1.0x), Avg.  1.57 ms, Total. 3.150 ms (0.0%)
[Performance] InitializeOnLoad WindowLayout                                                                                  :        2 samples, Peak.   575 us (1.0x), Avg.   560 us, Total. 1.121 ms (0.0%)
[Performance] InitializeOnLoad SearchService                                                                                 :        2 samples, Peak.   647 us (1.0x), Avg.   632 us, Total. 1.265 ms (0.0%)
[Performance] InitializeOnLoad UISystemProfilerRenderService                                                                 :        2 samples, Peak.  10.1 us (1.0x), Avg.  9.78 us, Total. 19.56 us (0.0%)
[Performance] InitializeOnLoad NativeFormatImporterUtility                                                                   :        2 samples, Peak.  6.59 ms (1.1x), Avg.  6.27 ms, Total. 12.54 ms (0.1%)
[Performance] InitializeOnLoad EditorMonitor                                                                                 :        2 samples, Peak.  2.28 ms (1.1x), Avg.  2.16 ms, Total. 4.323 ms (0.0%)
[Performance] InitializeOnLoad RetainedMode                                                                                  :        2 samples, Peak.  10.8 ms (1.0x), Avg.  10.5 ms, Total. 20.92 ms (0.1%)
[Performance] InitializeOnLoad EditorShaderLoader                                                                            :        2 samples, Peak.  2.46 ms (1.1x), Avg.  2.34 ms, Total. 4.677 ms (0.0%)
[Performance] InitializeOnLoad EditorDelegateRegistration                                                                    :        2 samples, Peak.  2.23 ms (1.1x), Avg.  2.10 ms, Total. 4.201 ms (0.0%)
[Performance] InitializeOnLoad LiveReloadTrackerCreator                                                                      :        2 samples, Peak.  1.23 ms (1.0x), Avg.  1.21 ms, Total. 2.411 ms (0.0%)
[Performance] InitializeOnLoad UxmlObjectEditorFactories                                                                     :        2 samples, Peak.  1.03 ms (1.1x), Avg.   973 us, Total. 1.947 ms (0.0%)
[Performance] InitializeOnLoad UIDocumentHierarchyWatcher                                                                    :        2 samples, Peak.  1.24 ms (1.1x), Avg.  1.15 ms, Total. 2.293 ms (0.0%)
[Performance] InitializeOnLoad UXMLEditorFactories                                                                           :        2 samples, Peak.   203 ms (1.1x), Avg.   193 ms, Total. 385.2 ms (2.3%)
[Performance] InitializeOnLoad BuildService                                                                                  :        2 samples, Peak.  14.6 ms (1.0x), Avg.  14.0 ms, Total. 28.08 ms (0.2%)
[Performance] InitializeOnLoad AdsService                                                                                    :        2 samples, Peak.  8.89 ms (1.1x), Avg.  8.07 ms, Total. 16.14 ms (0.1%)
[Performance] InitializeOnLoad UDPService                                                                                    :        2 samples, Peak.  9.09 ms (1.2x), Avg.  7.75 ms, Total. 15.50 ms (0.1%)
[Performance] InitializeOnLoad EditorGameServicesAnalytics                                                                   :        2 samples, Peak.  9.87 ms (1.3x), Avg.  7.72 ms, Total. 15.44 ms (0.1%)
[Performance] InitializeOnLoad ServicesRepository                                                                            :        2 samples, Peak.  1.84 us (1.1x), Avg.  1.67 us, Total. 3.346 us (0.0%)
[Performance] InitializeOnLoad CrashService                                                                                  :        2 samples, Peak.  9.26 ms (1.2x), Avg.  7.62 ms, Total. 15.24 ms (0.1%)
[Performance] InitializeOnLoad PurchasingService                                                                             :        2 samples, Peak.  15.0 ms (1.0x), Avg.  14.9 ms, Total. 29.87 ms (0.2%)
[Performance] InitializeOnLoad AnalyticsService                                                                              :        2 samples, Peak.  8.47 ms (1.1x), Avg.  7.76 ms, Total. 15.51 ms (0.1%)
[Performance] InitializeOnLoad CloudBuildPoller                                                                              :        2 samples, Peak.  2.02 ms (1.1x), Avg.  1.81 ms, Total. 3.629 ms (0.0%)
[Performance] InitializeOnLoad SearchWindow                                                                                  :        2 samples, Peak.   781 us (1.1x), Avg.   721 us, Total. 1.442 ms (0.0%)
[Performance] InitializeOnLoad SearchMonitor                                                                                 :        2 samples, Peak.  8.13 ms (1.0x), Avg.  7.82 ms, Total. 15.65 ms (0.1%)
[Performance] InitializeOnLoad CustomIndexers                                                                                :        2 samples, Peak.  60.1 ms (1.0x), Avg.  58.2 ms, Total. 116.4 ms (0.7%)
[Performance] InitializeOnLoad ParameterControllerEditor                                                                     :        2 samples, Peak.  27.0 us (1.1x), Avg.  25.5 us, Total. 51.03 us (0.0%)
[Performance] InitializeOnLoad LayerSettingsWindow                                                                           :        2 samples, Peak.   196 us (1.9x), Avg.   101 us, Total. 201.5 us (0.0%)
[Performance] InitializeOnLoad PackageManagerHookGUIDConverter.RegisterPackagesEventHandler                                  :        2 samples, Peak.  1.44 ms (1.3x), Avg.  1.14 ms, Total. 2.284 ms (0.0%)
[Performance] InitializeOnLoad EditorDragAndDrop.RegisterEditorClient                                                        :        2 samples, Peak.  1.75 ms (1.2x), Avg.  1.48 ms, Total. 2.958 ms (0.0%)
[Performance] InitializeOnLoad EditorEventCallbacks.InitializeFontAssetResourceChangeCallBacks                               :        2 samples, Peak.  3.13 ms (1.0x), Avg.  3.00 ms, Total. 5.992 ms (0.0%)
[Performance] InitializeOnLoad SceneTemplateService.Init                                                                     :        2 samples, Peak.  9.07 ms (1.0x), Avg.  8.71 ms, Total. 17.42 ms (0.1%)
[Performance] InitializeOnLoad DiagnosticSwitchesConsoleMessage.Init                                                         :        2 samples, Peak.  12.5 ms (1.6x), Avg.  7.68 ms, Total. 15.36 ms (0.1%)
[Performance] InitializeOnLoad ToolShortcutContext.Init                                                                      :        2 samples, Peak.   915 us (1.1x), Avg.   841 us, Total. 1.682 ms (0.0%)
[Performance] InitializeOnLoad EditorWindow.Initialize                                                                       :        2 samples, Peak.  1.64 ms (1.2x), Avg.  1.42 ms, Total. 2.845 ms (0.0%)
[Performance] InitializeOnLoad RectSelection.RegisterShortcutContext                                                         :        2 samples, Peak.  1.55 ms (1.1x), Avg.  1.39 ms, Total. 2.786 ms (0.0%)
[Performance] InitializeOnLoad SceneViewMotion.RegisterShortcutContexts                                                      :        2 samples, Peak.   897 us (1.2x), Avg.   758 us, Total. 1.517 ms (0.0%)
[Performance] InitializeOnLoad ScopedRegistryAddedPopup.SubscribeToRegistriesAdded                                           :        2 samples, Peak.  88.6 ms (1.3x), Avg.  65.8 ms, Total. 131.6 ms (0.8%)
[Performance] InitializeOnLoad SysrootManager.Initialize                                                                     :        2 samples, Peak.   403 us (1.9x), Avg.   210 us, Total. 419.0 us (0.0%)
[Performance] InitializeOnLoad SceneVisibilityManager.Initialize                                                             :        2 samples, Peak.  17.5 ms (1.5x), Avg.  11.4 ms, Total. 22.90 ms (0.1%)
[Performance] InitializeOnLoad MemoryProfilerCompilationGuard.InjectCompileGuard                                             :        2 samples, Peak.   736 us (1.1x), Avg.   693 us, Total. 1.387 ms (0.0%)
[Performance] InitializeOnLoad AssetPostprocessingInternal.RefreshCustomDependencies                                         :        2 samples, Peak.  15.6 ms (1.3x), Avg.  12.3 ms, Total. 24.64 ms (0.1%)
[Performance] InitializeOnLoad PackageManagerWindow.EditorInitializedInSafeMode                                              :        2 samples, Peak.  1.80 ms (1.1x), Avg.  1.68 ms, Total. 3.359 ms (0.0%)
[Performance] AssemblyReloadEvents.afterAssemblyReload: UnityEditor.SceneTemplate.SceneTemplateService.AfterAssemblyReload   :        2 samples, Peak.  9.40 ms (1.7x), Avg.  5.54 ms, Total. 11.09 ms (0.1%)
[Performance] ProcessService.EditorAfterLoadAllAssemblies                                                                    :        2 samples, Peak.  1.81 ms (1.2x), Avg.  1.48 ms, Total. 2.967 ms (0.0%)
[Performance] Application.ReadLicenseInfo                                                                                    :        1 samples, Peak.  12.0 ms (1.0x), Avg.  12.0 ms, Total. 12.04 ms (0.1%)
[Performance] Application.InitialRefresh                                                                                     :        1 samples, Peak.  9.82 s (1.0x), Avg.  9.82 s, Total. 9.821 s (59.0%)
[Performance] Compiling Scripts                                                                                              :        1 samples, Peak.  1.67 s (1.0x), Avg.  1.67 s, Total. 1.673 s (10.1%)
[Performance] AssemblyReloadEvents.beforeAssemblyReload: UnityEditor.SceneTemplate.SceneTemplateService.BeforeAssemblyReload :        1 samples, Peak.  4.44 ms (1.0x), Avg.  4.44 ms, Total. 4.435 ms (0.0%)
[Performance] InitializeOnLoad BurstLoader                                                                                   :        1 samples, Peak.  3.49 s (1.0x), Avg.  3.49 s, Total. 3.489 s (21.0%)
[Performance] InitializeOnLoad OnDomainReload                                                                                :        1 samples, Peak.  2.40 ms (1.0x), Avg.  2.40 ms, Total. 2.400 ms (0.0%)
[Performance] InitializeOnLoad EditorInitialize                                                                              :        3 samples, Peak.  39.1 ms (2.3x), Avg.  16.9 ms, Total. 50.68 ms (0.3%)
[Performance] InitializeOnLoad CanvasesAndTheirOwners                                                                        :        1 samples, Peak.   358 us (1.0x), Avg.   358 us, Total. 357.6 us (0.0%)
[Performance] InitializeOnLoad CinemachineEditorAnalytics                                                                    :        1 samples, Peak.   272 us (1.0x), Avg.   272 us, Total. 272.2 us (0.0%)
[Performance] InitializeOnLoad SaveDuringPlay                                                                                :        1 samples, Peak.   108 us (1.0x), Avg.   108 us, Total. 108.5 us (0.0%)
[Performance] InitializeOnLoad CollectGizmoDrawers                                                                           :        1 samples, Peak.  15.9 ms (1.0x), Avg.  15.9 ms, Total. 15.90 ms (0.1%)
[Performance] InitializeOnLoad CinemachineScreenComposerGuidesGlobalDraggable                                                :        1 samples, Peak.   204 us (1.0x), Avg.   204 us, Total. 204.3 us (0.0%)
[Performance] InitializeOnLoad CinemachineStoryboardMute                                                                     :        1 samples, Peak.   160 us (1.0x), Avg.   160 us, Total. 160.0 us (0.0%)
[Performance] InitializeOnLoad CreateRigWithUndo                                                                             :        1 samples, Peak.   254 us (1.0x), Avg.   254 us, Total. 254.1 us (0.0%)
[Performance] InitializeOnLoad CreatePipelineWithUndo                                                                        :        1 samples, Peak.   225 us (1.0x), Avg.   225 us, Total. 224.5 us (0.0%)
[Performance] InitializeOnLoad CinemachineColliderPrefs                                                                      :        1 samples, Peak.  1.12 ms (1.0x), Avg.  1.12 ms, Total. 1.122 ms (0.0%)
[Performance] InitializeOnLoad SyncCacheEnabledSetting                                                                       :        1 samples, Peak.  1.65 ms (1.0x), Avg.  1.65 ms, Total. 1.648 ms (0.0%)
[Performance] InitializeOnLoad PlasticPlugin                                                                                 :        1 samples, Peak.   204 ms (1.0x), Avg.   204 ms, Total. 204.2 ms (1.2%)
[Performance] InitializeOnLoad BackgroundWatcher                                                                             :        1 samples, Peak.   268 us (1.0x), Avg.   268 us, Total. 267.9 us (0.0%)
[Performance] InitializeOnLoad UnityTestProtocolStarter                                                                      :        1 samples, Peak.   340 us (1.0x), Avg.   340 us, Total. 339.7 us (0.0%)
[Performance] InitializeOnLoad TestStarter                                                                                   :        1 samples, Peak.  1.27 ms (1.0x), Avg.  1.27 ms, Total. 1.269 ms (0.0%)
[Performance] InitializeOnLoad RerunCallbackInitializer                                                                      :        1 samples, Peak.  11.3 ms (1.0x), Avg.  11.3 ms, Total. 11.27 ms (0.1%)
[Performance] InitializeOnLoad EditorToolManager                                                                             :        1 samples, Peak.  10.4 ms (1.0x), Avg.  10.4 ms, Total. 10.38 ms (0.1%)
[Performance] InitializeOnLoad VSUsageUtility                                                                                :        1 samples, Peak.  31.9 ms (1.0x), Avg.  31.9 ms, Total. 31.92 ms (0.2%)
[Performance] InitializeOnLoad ToolbarBootstrap                                                                              :        1 samples, Peak.   441 ms (1.0x), Avg.   441 ms, Total. 440.7 ms (2.6%)
[Performance] Package.AsyncRequest                                                                                           :        5 samples, Peak.   442 us (4.9x), Avg.  89.7 us, Total. 448.7 us (0.0%)
[Performance] InitializeOnLoad VisualStudioEditor                                                                            :        1 samples, Peak.  24.8 ms (1.0x), Avg.  24.8 ms, Total. 24.78 ms (0.1%)
[Performance] InitializeOnLoad VisualStudioIntegration                                                                       :        1 samples, Peak.  9.25 ms (1.0x), Avg.  9.25 ms, Total. 9.249 ms (0.1%)
[Performance] InitializeOnLoad TestRunnerApiListener                                                                         :        1 samples, Peak.   143 us (1.0x), Avg.   143 us, Total. 142.5 us (0.0%)
[Performance] InitializeOnLoad PrefabLayoutRebuilder                                                                         :        1 samples, Peak.   809 us (1.0x), Avg.   809 us, Total. 808.8 us (0.0%)
[Performance] InitializeOnLoad SpriteSkinCompositeStartup                                                                    :        1 samples, Peak.   114 ms (1.0x), Avg.   114 ms, Total. 114.2 ms (0.7%)
[Performance] InitializeOnLoad RiderScriptEditor                                                                             :        1 samples, Peak.  7.37 ms (1.0x), Avg.  7.37 ms, Total. 7.373 ms (0.0%)
[Performance] InitializeOnLoad CallbackInitializer                                                                           :        1 samples, Peak.  6.82 ms (1.0x), Avg.  6.82 ms, Total. 6.819 ms (0.0%)
[Performance] InitializeOnLoad SpriteEditorWindow                                                                            :        1 samples, Peak.  2.92 ms (1.0x), Avg.  2.92 ms, Total. 2.925 ms (0.0%)
[Performance] InitializeOnLoad BoneGizmoInitializer                                                                          :        1 samples, Peak.  13.8 ms (1.0x), Avg.  13.8 ms, Total. 13.77 ms (0.1%)
[Performance] InitializeOnLoad UnityAnalyticsStorage                                                                         :        1 samples, Peak.   906 us (1.0x), Avg.   906 us, Total. 905.9 us (0.0%)
[Performance] InitializeOnLoad Analytics                                                                                     :        1 samples, Peak.   436 us (1.0x), Avg.   436 us, Total. 435.7 us (0.0%)
[Performance] InitializeOnLoad BackgroundImport                                                                              :        1 samples, Peak.   371 us (1.0x), Avg.   371 us, Total. 371.2 us (0.0%)
[Performance] InitializeOnLoad SceneDragAndDrop                                                                              :        1 samples, Peak.  3.00 ms (1.0x), Avg.  3.00 ms, Total. 2.996 ms (0.0%)
[Performance] InitializeOnLoad SpriteShapeUpdateCache                                                                        :        1 samples, Peak.  2.63 ms (1.0x), Avg.  2.63 ms, Total. 2.627 ms (0.0%)
[Performance] InitializeOnLoad SpriteShapeUnityAnalyticsStorage                                                              :        1 samples, Peak.   115 us (1.0x), Avg.   115 us, Total. 115.4 us (0.0%)
[Performance] InitializeOnLoad IKEditorManager.CreateInstance                                                                :        1 samples, Peak.  8.88 ms (1.0x), Avg.  8.88 ms, Total. 8.878 ms (0.1%)
[Performance] InitializeOnLoad $BurstDirectCallInitializer.Initialize                                                        :        7 samples, Peak.  40.6 ms (4.1x), Avg.  9.80 ms, Total. 68.58 ms (0.4%)
[Performance] InitializeOnLoad TilemapPrefabStageHelper.Initialize                                                           :        1 samples, Peak.  4.01 ms (1.0x), Avg.  4.01 ms, Total. 4.015 ms (0.0%)
[Performance] InitializeOnLoad TileDragAndDropManager.Initialize                                                             :        1 samples, Peak.  2.06 ms (1.0x), Avg.  2.06 ms, Total. 2.060 ms (0.0%)
[Performance] InitializeOnLoad SceneViewGridManager.Initialize                                                               :        1 samples, Peak.  12.6 ms (1.0x), Avg.  12.6 ms, Total. 12.61 ms (0.1%)
[Performance] InitializeOnLoad SceneViewOpenTilePaletteHelper.Initialize                                                     :        1 samples, Peak.  3.34 ms (1.0x), Avg.  3.34 ms, Total. 3.339 ms (0.0%)
[Performance] InitializeOnLoad BackgroundImport.Setup                                                                        :        1 samples, Peak.  2.19 ms (1.0x), Avg.  2.19 ms, Total. 2.185 ms (0.0%)
[Performance] InitializeOnLoad SysrootPackage.IssueWarningIfLinuxIL2CPPNotPresent                                            :        1 samples, Peak.   215 us (1.0x), Avg.   215 us, Total. 214.8 us (0.0%)
[Performance] InitializeOnLoad TestJobDataHolder.ResumeRunningJobs                                                           :        1 samples, Peak.  3.08 ms (1.0x), Avg.  3.08 ms, Total. 3.079 ms (0.0%)
[Performance] InitializeOnLoad AnalyticsReporter.RegisterCallbacks                                                           :        1 samples, Peak.  2.07 ms (1.0x), Avg.  2.07 ms, Total. 2.067 ms (0.0%)
[Performance] InitializeOnLoad VisualStudioEditor.LegacyVisualStudioCodePackageDisabler                                      :        1 samples, Peak.  3.69 ms (1.0x), Avg.  3.69 ms, Total. 3.694 ms (0.0%)
[Performance] DidReloadScriptsCinemachineExtension.OnScriptReload                                                            :        1 samples, Peak.   849 us (1.0x), Avg.   849 us, Total. 848.8 us (0.0%)
[Performance] DidReloadScriptsCinemachineVirtualCameraBase.OnScriptReload                                                    :        1 samples, Peak.   182 us (1.0x), Avg.   182 us, Total. 182.1 us (0.0%)
[Performance] DidReloadScriptsTestRunnerWindow.CompilationCallback                                                           :        1 samples, Peak.  2.73 ms (1.0x), Avg.  2.73 ms, Total. 2.726 ms (0.0%)
[Performance] DidReloadScriptsTestListCache.ScriptReloaded                                                                   :        1 samples, Peak.  3.81 ms (1.0x), Avg.  3.81 ms, Total. 3.814 ms (0.0%)
[Performance] DidReloadScriptsAdvancedDropdownWindow.OnScriptReload                                                          :        1 samples, Peak.  2.20 ms (1.0x), Avg.  2.20 ms, Total. 2.202 ms (0.0%)
[Performance] AssemblyReloadEvents.afterAssemblyReload: UnityEditor.U2D.Animation.BoneGizmo.OnAfterAssemblyReload            :        1 samples, Peak.  2.61 ms (1.0x), Avg.  2.61 ms, Total. 2.612 ms (0.0%)
[Performance] CinemachineSettings.OnPostprocessAllAssets                                                                     :        2 samples, Peak.  1.56 ms (1.4x), Avg.  1.12 ms, Total. 2.249 ms (0.0%)
[Performance] SyncVS.PostprocessSyncProject                                                                                  :        1 samples, Peak.  3.82 ms (1.0x), Avg.  3.82 ms, Total. 3.818 ms (0.0%)
[Performance] Application.ImportPackagesAndSetTemplateWhenCreatingProject                                                    :        1 samples, Peak.  19.6 ms (1.0x), Avg.  19.6 ms, Total. 19.60 ms (0.1%)
[Performance] Application.SyncCurrentColorSpace                                                                              :        1 samples, Peak.  95.4 ms (1.0x), Avg.  95.4 ms, Total. 95.37 ms (0.6%)
[Performance] Application.OnUsbDevicesChanged                                                                                :        1 samples, Peak.   180 us (1.0x), Avg.   180 us, Total. 180.4 us (0.0%)
[Performance] Application.AssetInstanceCacheUpdate                                                                           :        1 samples, Peak.   381 ns (1.0x), Avg.   381 ns, Total. 381.0 ns (0.0%)
[Performance] Application.UnityExtensions.Initialize                                                                         :        1 samples, Peak.  8.15 ms (1.0x), Avg.  8.15 ms, Total. 8.154 ms (0.0%)
[Performance] CodeEditorProjectSync.SyncEditorProject                                                                        :        1 samples, Peak.  1.45 ms (1.0x), Avg.  1.45 ms, Total. 1.449 ms (0.0%)
[Performance] Application.ExecuteStartups                                                                                    :        1 samples, Peak.  76.5 ms (1.0x), Avg.  76.5 ms, Total. 76.48 ms (0.5%)
[Performance] Menu.RegisterMenuInterface                                                                                     :       26 samples, Peak.  1.04 us (4.3x), Avg.   240 ns, Total. 6.241 us (0.0%)
[Performance] Gizmo.RebuildRenderers                                                                                         :        1 samples, Peak.  74.3 ms (1.0x), Avg.  74.3 ms, Total. 74.26 ms (0.4%)
[Performance] Gizmo.AddGizmoRenderers                                                                                        :       90 samples, Peak.  3.39 ms (36.5x), Avg.  92.9 us, Total. 8.360 ms (0.1%)
[Performance] Application.editorInitializingProject                                                                          :        1 samples, Peak.  16.7 ms (1.0x), Avg.  16.7 ms, Total. 16.75 ms (0.1%)
[Performance] Application.InitializeMenu                                                                                     :        1 samples, Peak.   231 ms (1.0x), Avg.   231 ms, Total. 230.5 ms (1.4%)
[Performance] Menu.RebuildAll                                                                                                :        1 samples, Peak.   230 ms (1.0x), Avg.   230 ms, Total. 230.5 ms (1.4%)
[Performance] Menu.BuildRegisteredMenuInterfaces                                                                             :        1 samples, Peak.   227 ms (1.0x), Avg.   227 ms, Total. 227.1 ms (1.4%)
[Performance] Menu.FilterMenuItem                                                                                            :      679 samples, Peak.   126 ms (674.1x), Avg.   187 us, Total. 127.2 ms (0.8%)
[Performance] UpdateAllMenus                                                                                                 :        1 samples, Peak.  2.66 ms (1.0x), Avg.  2.66 ms, Total. 2.663 ms (0.0%)
[Performance] EditorSceneManager.sceneClosing: UnityEditor.SceneVisibilityManager.EditorSceneManagerOnSceneClosing           :        1 samples, Peak.  1.06 ms (1.0x), Avg.  1.06 ms, Total. 1.064 ms (0.0%)
[Performance] GUIView.RepaintAll.PlayerLoopController                                                                        :        1 samples, Peak.   500 ns (1.0x), Avg.   500 ns, Total. 500.0 ns (0.0%)
[Performance] EditorSceneManager.newSceneCreated: UnityEditor.SceneTemplate.SceneTemplateService.OnNewSceneCreated           :        1 samples, Peak.  1.55 ms (1.0x), Avg.  1.55 ms, Total. 1.554 ms (0.0%)
[Performance] EditorSceneManager.newSceneCreated: UnityEditor.SceneVisibilityManager.EditorSceneManagerOnNewSceneCreated     :        1 samples, Peak.   906 us (1.0x), Avg.   906 us, Total. 906.4 us (0.0%)
[Performance] EditorSceneManager.newSceneCreated: UnityEditor.SceneManagement.StageNavigationManager.OnNewSceneCreated       :        1 samples, Peak.   729 us (1.0x), Avg.   729 us, Total. 728.8 us (0.0%)
[Performance] Application.InvokeFinishedLoadingProject                                                                       :        1 samples, Peak.  18.1 ms (1.0x), Avg.  18.1 ms, Total. 18.14 ms (0.1%)
[Performance] ProcessService.OnProjectLoaded                                                                                 :        1 samples, Peak.   244 us (1.0x), Avg.   244 us, Total. 243.8 us (0.0%)
[Performance] VersionControl.Task.Wait                                                                                       :        1 samples, Peak.  12.0 us (1.0x), Avg.  12.0 us, Total. 12.04 us (0.0%)
[Performance] EditorApplication.quitting: Unity.Burst.Editor.BurstLoader.OnEditorApplicationQuitting                         :        1 samples, Peak.  85.0 us (1.0x), Avg.  85.0 us, Total. 85.03 us (0.0%)
[Performance] EditorApplication.quitting: UnityEditor.Tilemaps.SceneViewGridManager.EditorQuitting                           :        1 samples, Peak.   209 us (1.0x), Avg.   209 us, Total. 208.9 us (0.0%)
[Performance] EditorApplication.quitting: callback in UnityEditor.TextCore.Text.EditorEventCallbacks                         :        1 samples, Peak.  36.3 ms (1.0x), Avg.  36.3 ms, Total. 36.30 ms (0.2%)
[Performance] Application.Shutdown.PauseProfilerSession                                                                      :        1 samples, Peak.  30.0 us (1.0x), Avg.  30.0 us, Total. 29.96 us (0.0%)
[Performance] Application.Shutdown.PauseAssetImportWorkers                                                                   :        1 samples, Peak.   507 us (1.0x), Avg.   507 us, Total. 506.8 us (0.0%)
[Performance] Application.Shutdown.SaveAssets                                                                                :        1 samples, Peak.  25.1 ms (1.0x), Avg.  25.1 ms, Total. 25.09 ms (0.2%)
[Performance] PaletteAssetModificationProcessor.OnWillSaveAssets                                                             :        1 samples, Peak.  5.71 ms (1.0x), Avg.  5.71 ms, Total. 5.714 ms (0.0%)
[Performance] StateMacroSavedEvent.OnWillSaveAssets                                                                          :        1 samples, Peak.   301 us (1.0x), Avg.   301 us, Total. 301.3 us (0.0%)
[Performance] FlowMacroSavedEvent.OnWillSaveAssets                                                                           :        1 samples, Peak.   252 us (1.0x), Avg.   252 us, Total. 252.5 us (0.0%)
[Performance] AssetModificationProcessor.OnWillSaveAssets                                                                    :        1 samples, Peak.  1.11 ms (1.0x), Avg.  1.11 ms, Total. 1.106 ms (0.0%)
[Performance] BuilderAssetModificationProcessor.OnWillSaveAssets                                                             :        1 samples, Peak.  1.96 ms (1.0x), Avg.  1.96 ms, Total. 1.960 ms (0.0%)
[Performance] TerrainModificationProcessor.OnWillSaveAssets                                                                  :        1 samples, Peak.  3.05 ms (1.0x), Avg.  3.05 ms, Total. 3.055 ms (0.0%)
[Performance] AssetDatabase.ImportAssets                                                                                     :        2 samples, Peak.   491 ns (1.7x), Avg.   291 ns, Total. 581.0 ns (0.0%)
[Performance] Application.Shutdown.CleanupRenderPipeline                                                                     :        1 samples, Peak.  4.43 us (1.0x), Avg.  4.43 us, Total. 4.428 us (0.0%)
[Performance] Application.Shutdown.StopPreloadManager                                                                        :        1 samples, Peak.  10.1 ms (1.0x), Avg.  10.1 ms, Total. 10.07 ms (0.1%)
[Performance] Application.Shutdown.DestroyWorld                                                                              :        1 samples, Peak.   481 us (1.0x), Avg.   481 us, Total. 480.5 us (0.0%)
[Performance] Application.Shutdown.CleanupAfterLoad                                                                          :        1 samples, Peak.   119 ms (1.0x), Avg.   119 ms, Total. 118.6 ms (0.7%)
[Performance] Application.Shutdown.Progress                                                                                  :        1 samples, Peak.  9.25 us (1.0x), Avg.  9.25 us, Total. 9.248 us (0.0%)
[Performance] Application.Shutdown.GICleanupManagers                                                                         :        1 samples, Peak.   710 us (1.0x), Avg.   710 us, Total. 710.1 us (0.0%)
[Performance] Application.Shutdown.MenuCleanupClass                                                                          :        1 samples, Peak.   111 us (1.0x), Avg.   111 us, Total. 110.9 us (0.0%)
[Performance] Application.Shutdown.ADBSaveStateBeforeShutdown                                                                :        1 samples, Peak.  9.86 us (1.0x), Avg.  9.86 us, Total. 9.859 us (0.0%)
[Performance] Application.Shutdown.RemoteShutdown                                                                            :        1 samples, Peak.   832 ns (1.0x), Avg.   832 ns, Total. 832.0 ns (0.0%)
[Performance] Application.Shutdown.CleanupVCProvider                                                                         :        1 samples, Peak.  5.07 us (1.0x), Avg.  5.07 us, Total. 5.070 us (0.0%)
[Performance] Application.Shutdown.InputShutdown                                                                             :        1 samples, Peak.  1.46 us (1.0x), Avg.  1.46 us, Total. 1.463 us (0.0%)
[Performance] Application.Shutdown.GizmoManagerDestroy                                                                       :        1 samples, Peak.   607 us (1.0x), Avg.   607 us, Total. 607.4 us (0.0%)
[Performance] Application.Shutdown.ProfilerSession                                                                           :        1 samples, Peak.  1.32 ms (1.0x), Avg.  1.32 ms, Total. 1.319 ms (0.0%)
[Performance] Application.Shutdown.ReleaseGfxWindowOnAllGUIViews                                                             :        1 samples, Peak.   510 ns (1.0x), Avg.   510 ns, Total. 510.0 ns (0.0%)
[Performance] Application.Shutdown.CleanupEngine                                                                             :        1 samples, Peak.   117 ms (1.0x), Avg.   117 ms, Total. 117.2 ms (0.7%)
[Performance] Application.Shutdown.CleanupAssetDatabase                                                                      :        1 samples, Peak.  6.27 ms (1.0x), Avg.  6.27 ms, Total. 6.266 ms (0.0%)
[Performance] Application.Shutdown.ScriptCompilationCleanUp                                                                  :        1 samples, Peak.   316 ms (1.0x), Avg.   316 ms, Total. 315.8 ms (1.9%)
[Performance] Application.Shutdown.DestroyJobSystem                                                                          :        1 samples, Peak.   157 us (1.0x), Avg.   157 us, Total. 156.7 us (0.0%)
[Performance] Application.Shutdown.CleanupPersistentManager                                                                  :        1 samples, Peak.  1.84 ms (1.0x), Avg.  1.84 ms, Total. 1.835 ms (0.0%)
[Performance] Application.Shutdown.CleanupAsyncReadManager                                                                   :        1 samples, Peak.   125 us (1.0x), Avg.   125 us, Total. 125.1 us (0.0%)
[Performance] Application.Shutdown.CleanupMono                                                                               :        1 samples, Peak.   875 ms (1.0x), Avg.   875 ms, Total. 874.8 ms (5.3%)
[Performance] Application.Shutdown.CleanupStdConverters                                                                      :        1 samples, Peak.  9.92 us (1.0x), Avg.  9.92 us, Total. 9.919 us (0.0%)
[Performance] Application.Shutdown.UnloadAllPlatformSupportModuleNativeDlls                                                  :        1 samples, Peak.   701 ns (1.0x), Avg.   701 ns, Total. 701.0 ns (0.0%)
[Performance] Application.Shutdown.UnloadAllPlatformSupportNativeLibraries                                                   :        1 samples, Peak.   310 ns (1.0x), Avg.   310 ns, Total. 310.0 ns (0.0%)
[Performance] Application.Shutdown.CleanupAutoDocumentation                                                                  :        1 samples, Peak.   225 us (1.0x), Avg.   225 us, Total. 225.2 us (0.0%)
[Performance] Application.Shutdown.ShaderNameManagerDestroy                                                                  :        1 samples, Peak.  48.7 us (1.0x), Avg.  48.7 us, Total. 48.68 us (0.0%)
[Performance] Application.Shutdown.CleanupCacheServer                                                                        :        1 samples, Peak.   340 ns (1.0x), Avg.   340 ns, Total. 340.0 ns (0.0%)
[Performance] Application.Shutdown.Virtualization_Shutdown                                                                   :        1 samples, Peak.   401 ns (1.0x), Avg.   401 ns, Total. 401.0 ns (0.0%)
[Performance] Application.Shutdown.DevConnections                                                                            :        1 samples, Peak.  42.6 us (1.0x), Avg.  42.6 us, Total. 42.60 us (0.0%)
Exiting batchmode successfully now!
Thread: ID 140501362496448, CleanupSafetyData: safetyData 7fc8a00ad8e0
Thread: ID 140501362496448, CleanupSafetyData: safetyData 7fc8a00afb00
Thread: ID 140501362496448, CleanupSafetyData: safetyData 7fc8a05f70e0
[Package Manager] Server::Kill -- Server was shutdown
Checking for leaked weakptr:
  Found no leaked weakptrs.
Memory Statistics:
[ALLOC_TEMP_TLS] TLS Allocator
  StackAllocators : 
    [ALLOC_TEMP_CurlRequest]
      Initial Block Size 64.0 KB
      Current Block Size 64.0 KB
      Peak Allocated Bytes 0 B
      Overflow Count 0
    [ALLOC_TEMP_MAIN]
      Initial Block Size 16.0 MB
      Current Block Size 16.0 MB
      Peak Allocated Bytes 10.1 MB
      Overflow Count 0
    [ALLOC_TEMP_Background Job.worker 3]
      Initial Block Size 32.0 KB
      Current Block Size 32.0 KB
      Peak Allocated Bytes 0 B
      Overflow Count 0
    [ALLOC_TEMP_Background Job.worker 6]
      Initial Block Size 32.0 KB
      Current Block Size 32.0 KB
      Peak Allocated Bytes 0 B
      Overflow Count 0
    [ALLOC_TEMP_AUDIO_ALSA Mixer]
      Initial Block Size 64.0 KB
      Current Block Size 64.0 KB
      Peak Allocated Bytes 0 B
      Overflow Count 0
    [ALLOC_TEMP_Background Job.worker 2]
      Initial Block Size 32.0 KB
      Current Block Size 204.0 KB
      Peak Allocated Bytes 203.7 KB
      Overflow Count 0
    [ALLOC_TEMP_Background Job.worker 8]
      Initial Block Size 32.0 KB
      Current Block Size 32.0 KB
      Peak Allocated Bytes 0 B
      Overflow Count 0
    [ALLOC_TEMP_BakingJobs.worker 0]
      Initial Block Size 256.0 KB
      Current Block Size 256.0 KB
      Peak Allocated Bytes 0 B
      Overflow Count 0
    [ALLOC_TEMP_AssetDatabase.FileHasherReader] x 4
      Initial Block Size 64.0 KB
      Current Block Size 64.0 KB
      Peak Allocated Bytes 31 B
      Overflow Count 0
    [ALLOC_TEMP_Background Job.worker 15]
      Initial Block Size 32.0 KB
      Current Block Size 32.0 KB
      Peak Allocated Bytes 0 B
      Overflow Count 0
    [ALLOC_TEMP_Background Job.worker 0]
      Initial Block Size 32.0 KB
      Current Block Size 32.0 KB
      Peak Allocated Bytes 0 B
      Overflow Count 0
    [ALLOC_TEMP_BakingJobs.worker 1]
      Initial Block Size 256.0 KB
      Current Block Size 256.0 KB
      Peak Allocated Bytes 0 B
      Overflow Count 0
    [ALLOC_TEMP_BatchDeleteObjects]
      Initial Block Size 64.0 KB
      Current Block Size 64.0 KB
      Peak Allocated Bytes 0 B
      Overflow Count 0
    [ALLOC_TEMP_AUDIO_FMOD stream thread]
      Initial Block Size 64.0 KB
      Current Block Size 64.0 KB
      Peak Allocated Bytes 0 B
      Overflow Count 0
    [ALLOC_TEMP_CoreBusinessMetricsCache]
      Initial Block Size 64.0 KB
      Current Block Size 64.0 KB
      Peak Allocated Bytes 8.0 KB
      Overflow Count 0
    [ALLOC_TEMP_REST Message Handler]
      Initial Block Size 64.0 KB
      Current Block Size 64.0 KB
      Peak Allocated Bytes 0 B
      Overflow Count 0
    [ALLOC_TEMP_AssetDatabase.FileHasherHasher] x 4
      Initial Block Size 64.0 KB
      Current Block Size 64.0 KB
      Peak Allocated Bytes 31 B
      Overflow Count 0
    [ALLOC_TEMP_Background Job.worker 1]
      Initial Block Size 32.0 KB
      Current Block Size 32.0 KB
      Peak Allocated Bytes 10.1 KB
      Overflow Count 0
    [ALLOC_TEMP_BakingJobs.worker 3]
      Initial Block Size 256.0 KB
      Current Block Size 256.0 KB
      Peak Allocated Bytes 0 B
      Overflow Count 0
    [ALLOC_TEMP_Job.worker 1]
      Initial Block Size 256.0 KB
      Current Block Size 256.0 KB
      Peak Allocated Bytes 21.4 KB
      Overflow Count 1
    [ALLOC_TEMP_Background Job.worker 5]
      Initial Block Size 32.0 KB
      Current Block Size 32.0 KB
      Peak Allocated Bytes 0 B
      Overflow Count 0
    [ALLOC_TEMP_BakingJobs.worker 2]
      Initial Block Size 256.0 KB
      Current Block Size 256.0 KB
      Peak Allocated Bytes 0 B
      Overflow Count 0
    [ALLOC_TEMP_AssetDatabase.IOService]
      Initial Block Size 64.0 KB
      Current Block Size 64.0 KB
      Peak Allocated Bytes 0 B
      Overflow Count 0
    [ALLOC_TEMP_Loading.PreloadManager]
      Initial Block Size 32.0 MB
      Current Block Size 32.0 MB
      Peak Allocated Bytes 0 B
      Overflow Count 0
    [ALLOC_TEMP_Background Job.worker 4]
      Initial Block Size 32.0 KB
      Current Block Size 32.0 KB
      Peak Allocated Bytes 0 B
      Overflow Count 0
    [ALLOC_TEMP_Background Job.worker 7]
      Initial Block Size 32.0 KB
      Current Block Size 32.0 KB
      Peak Allocated Bytes 0 B
      Overflow Count 0
    [ALLOC_TEMP_CloudJob.worker 0]
      Initial Block Size 32.0 KB
      Current Block Size 32.0 KB
      Peak Allocated Bytes 211 B
      Overflow Count 0
    [ALLOC_TEMP_Background Job.worker 10]
      Initial Block Size 32.0 KB
      Current Block Size 32.0 KB
      Peak Allocated Bytes 0 B
      Overflow Count 0
    [ALLOC_TEMP_Background Job.worker 12]
      Initial Block Size 32.0 KB
      Current Block Size 32.0 KB
      Peak Allocated Bytes 0 B
      Overflow Count 0
    [ALLOC_TEMP_Background Job.worker 11]
      Initial Block Size 32.0 KB
      Current Block Size 32.0 KB
      Peak Allocated Bytes 0 B
      Overflow Count 0
    [ALLOC_TEMP_HTTP REST Server]
      Initial Block Size 64.0 KB
      Current Block Size 64.0 KB
      Peak Allocated Bytes 66 B
      Overflow Count 0
    [ALLOC_TEMP_Background Job.worker 13]
      Initial Block Size 32.0 KB
      Current Block Size 32.0 KB
      Peak Allocated Bytes 0 B
      Overflow Count 0
    [ALLOC_TEMP_AssetGarbageCollectorHelper] x 3
      Initial Block Size 64.0 KB
      Current Block Size 64.0 KB
      Peak Allocated Bytes 0 B
      Overflow Count 0
    [ALLOC_TEMP_EditorTaskManager]
      Initial Block Size 64.0 KB
      Current Block Size 68.0 KB
      Peak Allocated Bytes 64.0 KB
      Overflow Count 0
    [ALLOC_TEMP_Profiler.Dispatcher]
      Initial Block Size 64.0 KB
      Current Block Size 64.0 KB
      Peak Allocated Bytes 0 B
      Overflow Count 0
    [ALLOC_TEMP_Background Job.worker 14]
      Initial Block Size 32.0 KB
      Current Block Size 32.0 KB
      Peak Allocated Bytes 0 B
      Overflow Count 0
    [ALLOC_TEMP_Job.worker 0]
      Initial Block Size 256.0 KB
      Current Block Size 256.0 KB
      Peak Allocated Bytes 0.5 KB
      Overflow Count 0
    [ALLOC_TEMP_Background Job.worker 9]
      Initial Block Size 32.0 KB
      Current Block Size 32.0 KB
      Peak Allocated Bytes 0 B
      Overflow Count 0
    [ALLOC_TEMP_Job.worker 2]
      Initial Block Size 256.0 KB
      Current Block Size 256.0 KB
      Peak Allocated Bytes 0.5 KB
      Overflow Count 1
    [ALLOC_TEMP_Loading.AsyncRead]
      Initial Block Size 64.0 KB
      Current Block Size 64.0 KB
      Peak Allocated Bytes 128 B
      Overflow Count 0
[ALLOC_MEMORYPROFILER]
  Requested Block Size 1.0 MB
  Peak Block count 1
  Peak Allocated memory 0.7 MB
  Peak Large allocation bytes 0 B
[ALLOC_DEFAULT] Dual Thread Allocator
  Peak main deferred allocation count 50
    [ALLOC_BUCKET]
      Large Block size 32.0 MB
      Used Block count 1
      Peak Allocated bytes 8.1 MB
    [ALLOC_DEFAULT_MAIN]
      Requested Block Size 16.0 MB
      Peak Block count 5
      Peak Allocated memory 74.4 MB
      Peak Large allocation bytes 0 B
    [ALLOC_DEFAULT_THREAD]
      Requested Block Size 16.0 MB
      Peak Block count 1
      Peak Allocated memory 18.5 MB
      Peak Large allocation bytes 18.2 MB
[ALLOC_TEMP_JOB_1_FRAME]
  Initial Block Size 2.0 MB
  Used Block Count 0
  Overflow Count (too large) 0
  Overflow Count (full) 0
[ALLOC_TEMP_JOB_2_FRAMES]
  Initial Block Size 2.0 MB
  Used Block Count 0
  Overflow Count (too large) 0
  Overflow Count (full) 0
[ALLOC_TEMP_JOB_4_FRAMES (JobTemp)]
  Initial Block Size 2.0 MB
  Used Block Count 1
  Overflow Count (too large) 0
  Overflow Count (full) 0
[ALLOC_TEMP_JOB_ASYNC (Background)]
  Initial Block Size 1.0 MB
  Used Block Count 1
  Overflow Count (too large) 1
  Overflow Count (full) 0
[ALLOC_GFX] Dual Thread Allocator
  Peak main deferred allocation count 0
    [ALLOC_BUCKET]
      Large Block size 32.0 MB
      Used Block count 1
      Peak Allocated bytes 8.1 MB
    [ALLOC_GFX_MAIN]
      Requested Block Size 16.0 MB
      Peak Block count 1
      Peak Allocated memory 5.9 MB
      Peak Large allocation bytes 0 B
    [ALLOC_GFX_THREAD]
      Requested Block Size 16.0 MB
      Peak Block count 0
      Peak Allocated memory 0 B
      Peak Large allocation bytes 0 B
[ALLOC_CACHEOBJECTS] Dual Thread Allocator
  Peak main deferred allocation count 213
    [ALLOC_BUCKET]
      Large Block size 32.0 MB
      Used Block count 1
      Peak Allocated bytes 8.1 MB
    [ALLOC_CACHEOBJECTS_MAIN]
      Requested Block Size 4.0 MB
      Peak Block count 15
      Peak Allocated memory 51.0 MB
      Peak Large allocation bytes 17.0 MB
    [ALLOC_CACHEOBJECTS_THREAD]
      Requested Block Size 4.0 MB
      Peak Block count 0
      Peak Allocated memory 0 B
      Peak Large allocation bytes 0 B
[ALLOC_TYPETREE] Dual Thread Allocator
  Peak main deferred allocation count 506
    [ALLOC_BUCKET]
      Large Block size 32.0 MB
      Used Block count 1
      Peak Allocated bytes 8.1 MB
    [ALLOC_TYPETREE_MAIN]
      Requested Block Size 2.0 MB
      Peak Block count 11
      Peak Allocated memory 20.1 MB
      Peak Large allocation bytes 0 B
    [ALLOC_TYPETREE_THREAD]
      Requested Block Size 2.0 MB
      Peak Block count 0
      Peak Allocated memory 0 B
      Peak Large allocation bytes 0 B
[ALLOC_PROFILER]
  Requested Block Size 16.0 MB
  Peak Block count 1
  Peak Allocated memory 0.6 MB
  Peak Large allocation bytes 0 B
    [ALLOC_PROFILER_BUCKET]
      Large Block size 32.0 MB
      Used Block count 1
      Peak Allocated bytes 4.0 KB
[ALLOC_PROFILER_EDITOR]
  Requested Block Size 1.0 MB
  Peak Block count 0
  Peak Allocated memory 0 B
  Peak Large allocation bytes 0 B
    [ALLOC_PROFILER_BUCKET]
      Large Block size 32.0 MB
      Used Block count 1
      Peak Allocated bytes 4.0 KB
##utp:{"type":"MemoryLeaks","version":2,"phase":"Immediate","time":1712517734708,"processId":5625,"allocatedMemory":16983663,"memoryLabels":[{"Default":11575},{"Permanent":16296},{"Thread":1083492},{"Manager":20070},{"VertexData":12},{"Geometry":280},{"Texture":176},{"Shader":69153},{"Material":24},{"GfxDevice":223120},{"Animation":360},{"Audio":3976},{"FontEngine":336},{"Physics":513},{"Serialization":732},{"Input":26808},{"JobScheduler":240},{"Mono":40},{"ScriptingNativeRuntime":191920},{"BaseObject":1629820},{"Resource":1064},{"Renderer":2392},{"Transform":48},{"File":804},{"WebCam":40},{"Culling":40},{"Terrain":1025},{"Wind":24},{"String":14943},{"DynamicArray":75145},{"HashMap":103626},{"Utility":2659526},{"Curl":1112},{"PoolAlloc":1496},{"AI":72},{"TypeTree":4549},{"ScriptManager":640},{"RuntimeInitializeOnLoadManager":80},{"SpriteAtlas":128},{"GI":3632},{"Director":7928},{"CloudService":1016},{"WebRequest":720},{"VR":45785},{"SceneManager":600},{"Video":72},{"LazyScriptCache":40},{"NativeArray":12},{"Camera":25},{"Secure":6385},{"SerializationCache":1576},{"APIUpdating":11856},{"Subsystems":392},{"VirtualTexturing":57560},{"StaticSafetyDebugInfo":327680},{"EditorGui":56},{"EditorUtility":11832},{"VersionControl":4},{"Undo":736},{"AssetDatabase":10312541},{"RestService":1518},{"EditorGi":376},{"License":3624},{"UnityConnect":25496},{"Collab":641},{"Upm":1648},{"DrivenProperties":96},{"LocalIPC":212},{"ProfilerEditor":10951},{"CoreBusinessMetrics":2876},{"AssetReference":40},{"IPCStream":40}]}
